2025-08-14 14:15:26,444 ERROR Startup indexing failed: [WinError 10061] No connection could be made because the target machine actively refused it
2025-08-14 14:15:49,214 ERROR Startup indexing failed: [WinError 10061] No connection could be made because the target machine actively refused it
2025-08-14 14:16:05,464 ERROR Startup indexing failed: [WinError 10061] No connection could be made because the target machine actively refused it
2025-08-14 14:16:12,408 INFO {'session_id': 'be3e1cbb-5915-466c-bc9e-2801d107111e', 'user': 'hi', 'intent': 'smalltalk.greet', 'details': {}}
2025-08-14 14:16:12,408 INFO {'session_id': 'be3e1cbb-5915-466c-bc9e-2801d107111e', 'bot': 'وعليكم السلام، كيف أساعدك في الحجز أو معرفة مباريات اليوم؟', 'action': None}
2025-08-14 14:16:22,692 INFO {'session_id': 'be3e1cbb-5915-466c-bc9e-2801d107111e', 'user': 'ما مباريات اليوم', 'intent': 'fixtures.today', 'details': {}}
2025-08-14 14:16:27,207 INFO {'session_id': 'be3e1cbb-5915-466c-bc9e-2801d107111e', 'bot': 'عذرًا، لم أجد معلومات متعلقة بسؤالك.', 'action': None}
2025-08-14 14:18:54,103 INFO Index empty. Indexing chunks from C:\Users\user\Desktop\LinkDev_Intern\chatbot_working-main\chatbot_working-main\data\yallakora_articles_chunked.jsonl ...
2025-08-14 14:18:57,179 INFO {'index_result': {'ok': True, 'indexed_chunks': 67}}
2025-08-14 14:19:01,177 INFO {'session_id': 'be3e1cbb-5915-466c-bc9e-2801d107111e', 'user': 'hi', 'intent': 'smalltalk.greet', 'details': {}}
2025-08-14 14:19:01,177 INFO {'session_id': 'be3e1cbb-5915-466c-bc9e-2801d107111e', 'bot': 'وعليكم السلام، كيف أساعدك في الحجز أو معرفة مباريات اليوم؟', 'action': None}
2025-08-14 14:19:11,352 INFO {'session_id': 'be3e1cbb-5915-466c-bc9e-2801d107111e', 'user': 'ما مباريات اليوم', 'intent': 'fixtures.today', 'details': {}}
2025-08-14 14:19:23,320 INFO {'session_id': 'be3e1cbb-5915-466c-bc9e-2801d107111e', 'bot': 'مواقيت مباريات اليومالدولالأفرواسرائيلالاسرائيلياليوم الثالث 14 يوليو 2025 18 : 00موضوع : رد : روزنامة اليوم الرابع 14 يوليو 20... روزنامة اليوم الخامس 14 يوليو 21 : 00» اليوم الخامس عشر من يوليو 20,…', 'action': None}
2025-08-14 14:20:19,775 INFO {'session_id': 'be3e1cbb-5915-466c-bc9e-2801d107111e', 'user': 'احجز', 'intent': 'booking.ask', 'details': {}}
2025-08-14 14:20:19,775 INFO {'session_id': 'be3e1cbb-5915-466c-bc9e-2801d107111e', 'bot': 'ما هو اليوم والوقت الذي تريد الحجز فيه؟ (مثال: الأربعاء الساعة ٨ مساءً)', 'action': None}
2025-08-14 14:20:25,127 INFO {'session_id': 'be3e1cbb-5915-466c-bc9e-2801d107111e', 'user': 'الأربعاء الساعة ٨ مساءً', 'intent': 'general.query', 'details': {}}
2025-08-14 14:20:25,128 INFO {'session_id': 'be3e1cbb-5915-466c-bc9e-2801d107111e', 'bot': 'تم الحجز ✅\nمعرف التذكرة: bac56705', 'action': 'booked'}
2025-08-14 14:20:30,872 INFO {'session_id': 'be3e1cbb-5915-466c-bc9e-2801d107111e', 'user': 'bac56705', 'intent': 'general.query', 'details': {}}
2025-08-14 14:20:35,646 INFO {'session_id': 'be3e1cbb-5915-466c-bc9e-2801d107111e', 'bot': 'Bac57705cription : [ندعوك للتسجيل في المنتدى أو التعريف بنفسك لمعاينة هذا الرابط]', 'action': None}
2025-08-14 14:20:46,067 INFO {'session_id': 'be3e1cbb-5915-466c-bc9e-2801d107111e', 'user': 'الغي', 'intent': 'cancel.ask', 'details': {}}
2025-08-14 14:20:46,067 INFO {'session_id': 'be3e1cbb-5915-466c-bc9e-2801d107111e', 'bot': 'ما هو معرف التذكرة التي تريد إلغاؤها؟', 'action': None}
2025-08-14 14:20:48,000 INFO {'session_id': 'be3e1cbb-5915-466c-bc9e-2801d107111e', 'user': 'bac56705', 'intent': 'general.query', 'details': {}}
2025-08-14 14:20:48,000 INFO {'session_id': 'be3e1cbb-5915-466c-bc9e-2801d107111e', 'bot': 'تم إلغاء التذكرة ✅ (ID: bac56705)', 'action': 'cancelled'}
2025-08-14 14:25:14,527 INFO Qdrant collection 'football_ticket_assistant' already has 67 points.
2025-08-14 14:25:25,315 INFO Qdrant collection 'football_ticket_assistant' already has 67 points.
2025-08-14 14:25:35,528 INFO Qdrant collection 'football_ticket_assistant' already has 67 points.
2025-08-14 17:02:48,533 INFO Loaded 5093 matches from C:\Users\user\Desktop\LinkDev_Intern\chatbot_working-main\chatbot_working-main\data\matches_clean.jsonl
2025-08-14 17:02:52,595 ERROR Startup indexing failed: [WinError 10061] No connection could be made because the target machine actively refused it
2025-08-14 17:04:13,546 INFO Loaded 5093 matches from C:\Users\user\Desktop\LinkDev_Intern\chatbot_working-main\chatbot_working-main\data\matches_clean.jsonl
2025-08-14 17:04:17,628 ERROR Startup indexing failed: [WinError 10061] No connection could be made because the target machine actively refused it
2025-08-14 17:04:35,381 INFO {'session_id': 'be3e1cbb-5915-466c-bc9e-2801d107111e', 'user': 'hi', 'intent': 'smalltalk.greet', 'details': {}}
2025-08-14 17:04:35,381 INFO {'session_id': 'be3e1cbb-5915-466c-bc9e-2801d107111e', 'bot': 'وعليكم السلام، كيف أساعدك في الحجز أو معرفة مباريات اليوم؟', 'action': None}
2025-08-14 17:04:51,338 INFO {'session_id': 'be3e1cbb-5915-466c-bc9e-2801d107111e', 'user': 'ما منشات اليوم', 'intent': 'general.query', 'details': {}}
2025-08-14 17:04:55,584 INFO {'session_id': 'be3e1cbb-5915-466c-bc9e-2801d107111e', 'bot': 'عذرًا، لم أجد معلومات متعلقة بسؤالك.', 'action': None}
2025-08-14 17:05:04,117 INFO {'session_id': 'be3e1cbb-5915-466c-bc9e-2801d107111e', 'user': 'ما متشات اليوم', 'intent': 'fixtures.today', 'details': {}}
2025-08-14 17:05:08,195 INFO {'session_id': 'be3e1cbb-5915-466c-bc9e-2801d107111e', 'bot': 'عذرًا، لم أجد معلومات متعلقة بسؤالك.', 'action': None}
2025-08-14 17:05:21,433 INFO {'session_id': 'be3e1cbb-5915-466c-bc9e-2801d107111e', 'user': 'ما المبريات اليوم', 'intent': 'general.query', 'details': {}}
2025-08-14 17:05:25,617 INFO {'session_id': 'be3e1cbb-5915-466c-bc9e-2801d107111e', 'bot': 'عذرًا، لم أجد معلومات متعلقة بسؤالك.', 'action': None}
2025-08-14 17:05:37,875 INFO {'session_id': 'be3e1cbb-5915-466c-bc9e-2801d107111e', 'user': 'ما المبريات 8/14/2025', 'intent': 'general.query', 'details': {}}
2025-08-14 17:05:41,983 INFO {'session_id': 'be3e1cbb-5915-466c-bc9e-2801d107111e', 'bot': 'عذرًا، لم أجد معلومات متعلقة بسؤالك.', 'action': None}
2025-08-14 17:05:53,135 INFO {'session_id': 'be3e1cbb-5915-466c-bc9e-2801d107111e', 'user': 'احجز', 'intent': 'booking.ask', 'details': {}}
2025-08-14 17:05:53,136 INFO {'session_id': 'be3e1cbb-5915-466c-bc9e-2801d107111e', 'bot': 'ما هو اليوم والوقت الذي تريد الحجز فيه؟ (مثال: الأربعاء الساعة ٨ مساءً)', 'action': None}
2025-08-14 17:06:00,642 INFO {'session_id': 'be3e1cbb-5915-466c-bc9e-2801d107111e', 'user': 'الأربعاء الساعة ٨ مساءً', 'intent': 'general.query', 'details': {}}
2025-08-14 17:06:00,645 INFO {'session_id': 'be3e1cbb-5915-466c-bc9e-2801d107111e', 'bot': 'تم الحجز ✅\nمعرف التذكرة: 49bd1533', 'action': 'booked'}
2025-08-14 17:12:07,662 INFO Loaded matches dataset with 514 dates.
2025-08-14 17:12:11,720 ERROR Startup indexing failed: [WinError 10061] No connection could be made because the target machine actively refused it
2025-08-14 17:12:29,171 INFO {'session_id': 'be3e1cbb-5915-466c-bc9e-2801d107111e', 'user': 'ما مبريات اليوم', 'intent': 'general.query', 'details': {}}
2025-08-14 17:12:29,171 INFO {'session_id': 'be3e1cbb-5915-466c-bc9e-2801d107111e', 'bot': 'مباريات يوم 2025-08-14 (11 مباراة):\n- 16:30 | أوغندا ضد مالي — بطولة الأفرو باسكت — https://www.yallakora.com/fiba-afrobasket/2998/match/104381/%d8%a3%d9%88%d8%ba%d9%86%d8%af%d8%a7--%d9%85%d8%a7%d9%84%d9%8a-%d8%a8%d8%b7%d9%88%d9%84%d8%a9-%d8%a7%d9%84%d8%a3%d9%81%d8%b1%d9%88-%d8%a8%d8%a7%d8%b3%d9%83%d8%aa\n- 18:00 | الاتحاد السكندري ضد مودرن سبورت — الدوري المصري — https://www.yallakora.com/egyptian-league/2977/match/103958/%d8%a7%d9%84%d8%a7%d8%aa%d8%ad%d8%a7%d8%af-%d8%a7%d9%84%d8%b3%d9%83%d9%86%d8%af%d8%b1%d9%8a-%d9%85%d9%88%d8%af%d8%b1%d9%86-%d8%b3%d8%a8%d9%88%d8%b1%d8%aa-%d8%a7%d9%84%d8%af%d9%88%d8%b1%d9%8a-%d8%a7%d9%84%d9%85%d8%b5%d8%b1%d9%8a\n- 18:00 | زد ضد سيراميكا كليوباترا — الدوري المصري — https://www.yallakora.com/egyptian-league/2977/match/103959/%d8%b2%d8%af-%d8%b3%d9%8a%d8%b1%d8%a7%d9%85%d9%8a%d9%83%d8%a7-%d9%83%d9%84%d9%8a%d9%88%d8%a8%d8%a7%d8%aa%d8%b1%d8%a7-%d8%a7%d9%84%d8%af%d9%88%d8%b1%d9%8a-%d8%a7%d9%84%d9%85%d8%b5%d8%b1%d9%8a\n- 18:00 | ليبيا ضد جنوب السودان — بطولة الأفرو باسكت — https://www.yallakora.com/fiba-afrobasket/2998/match/104382/%d9%84%d9%8a%d8%a8%d9%8a%d8%a7-%d8%ac%d9%86%d9%88%d8%a8-%d8%a7%d9%84%d8%b3%d9%88%d8%af%d8%a7%d9%86-%d8%a8%d8%b7%d9%88%d9%84%d8%a9-%d8%a7%d9%84%d8%a3%d9%81%d8%b1%d9%88-%d8%a8%d8%a7%d8%b3%d9%83%d8%aa\n- 18:30 | الريان ضد السيلية — دوري نجوم قطر — https://www.yallakora.com/qatar-league/2991/match/103912/%d8%a7%d9%84%d8%b1%d9%8a%d8%a7%d9%86-%d8%a7%d9%84%d8%b3%d9%8a%d9%84%d9%8a%d8%a9-%d8%af%d9%88%d8%b1%d9%8a-%d9%86%d8%ac%d9%88%d9%85-%d9%82%d8%b7%d8%b1\n- 19:30 | مصر -19 ضد إسبانيا - 19 — كرة اليد — https://www.yallakora.com/handball-/2890/match/104591/%d9%85%d8%b5%d8%b1-19-%d8%a5%d8%b3%d8%a8%d8%a7%d9%86%d9%8a%d8%a7-19--%d9%83%d8%b1%d8%a9-%d8%a7%d9%84%d9%8a%d8%af\n- 19:30 | مصر ضد السنغال — بطولة الأفرو باسكت — https://www.yallakora.com/fiba-afrobasket/2998/match/104383/%d9%85%d8%b5%d8%b1-%d8%a7%d9%84%d8%b3%d9%86%d8%ba%d8%a7%d9%84-%d8%a8%d8%b7%d9%88%d9%84%d8%a9-%d8%a7%d9%84%d8%a3%d9%81%d8%b1%d9%88-%d8%a8%d8%a7%d8%b3%d9%83%d8%aa\n- 20:30 | الشمال ضد الأهلي القطري — دوري نجوم قطر — https://www.yallakora.com/qatar-league/2991/match/103913/%d8%a7%d9%84%d8%b4%d9%85%d8%a7%d9%84-%d8%a7%d9%84%d8%a3%d9%87%d9%84%d9%8a-%d8%a7%d9%84%d9%82%d8%b7%d8%b1%d9%8a-%d8%af%d9%88%d8%b1%d9%8a-%d9%86%d8%ac%d9%88%d9%85-%d9%82%d8%b7%d8%b1\n- 21:00 | بيراميدز ضد الإسماعيلي — الدوري المصري — https://www.yallakora.com/egyptian-league/2977/match/103961/%d8%a8%d9%8a%d8%b1%d8%a7%d9%85%d9%8a%d8%af%d8%b2-%d8%a7%d9%84%d8%a5%d8%b3%d9%85%d8%a7%d8%b9%d9%8a%d9%84%d9%8a-%d8%a7%d9%84%d8%af%d9%88%d8%b1%d9%8a-%d8%a7%d9%84%d9%85%d8%b5%d8%b1%d9%8a\n- 21:00 | طلائع الجيش ضد المصري — الدوري المصري — https://www.yallakora.com/egyptian-league/2977/match/103960/%d8%b7%d9%84%d8%a7%d8%a6%d8%b9-%d8%a7%d9%84%d8%ac%d9%8a%d8%b4-%d8%a7%d9%84%d9%85%d8%b5%d8%b1%d9%8a-%d8%a7%d9%84%d8%af%d9%88%d8%b1%d9%8a-%d8%a7%d9%84%d9%85%d8%b5%d8%b1%d9%8a\n- 21:00 | غينيا ضد أنجولا — بطولة الأفرو باسكت — https://www.yallakora.com/fiba-afrobasket/2998/match/104384/%d8%ba%d9%8a%d9%86%d9%8a%d8%a7-%d8%a3%d9%86%d8%ac%d9%88%d9%84%d8%a7-%d8%a8%d8%b7%d9%88%d9%84%d8%a9-%d8%a7%d9%84%d8%a3%d9%81%d8%b1%d9%88-%d8%a8%d8%a7%d8%b3%d9%83%d8%aa', 'action': None}
2025-08-14 17:14:06,391 INFO Loaded matches dataset with 514 dates.
2025-08-14 17:14:10,443 ERROR Startup indexing failed: [WinError 10061] No connection could be made because the target machine actively refused it
2025-08-14 17:14:29,639 INFO Loaded matches dataset with 514 dates.
2025-08-14 17:14:33,727 ERROR Startup indexing failed: [WinError 10061] No connection could be made because the target machine actively refused it
2025-08-14 17:37:14,913 INFO Loaded matches dataset with 514 dates.
2025-08-14 17:37:14,924 INFO Index empty. Indexing chunks from C:\Users\user\Desktop\LinkDev_Intern\chatbot_working-main\chatbot_working-main\data\yallakora_articles_chunked.jsonl ...
2025-08-14 17:37:18,200 INFO {'index_result': {'ok': True, 'indexed_chunks': 67}}
2025-08-14 17:38:11,506 INFO {'session_id': 'be3e1cbb-5915-466c-bc9e-2801d107111e', 'user': 'ما مبريات الايوم', 'intent': 'general.query', 'details': {}}
2025-08-14 17:38:11,506 INFO {'session_id': 'be3e1cbb-5915-466c-bc9e-2801d107111e', 'bot': 'من فضلك حدّد التاريخ (مثال: اليوم، بكرة، أو 2025-12-26).', 'action': None}
2025-08-14 17:38:16,312 INFO {'session_id': 'be3e1cbb-5915-466c-bc9e-2801d107111e', 'user': 'اليوم', 'intent': 'general.query', 'details': {}}
2025-08-14 17:38:16,312 INFO {'session_id': 'be3e1cbb-5915-466c-bc9e-2801d107111e', 'bot': 'مباريات يوم 2025-08-14 (11 مباراة):\n- 16:30 | أوغندا ضد مالي — بطولة الأفرو باسكت\n- 18:00 | الاتحاد السكندري ضد مودرن سبورت — الدوري المصري\n- 18:00 | زد ضد سيراميكا كليوباترا — الدوري المصري\n- 18:00 | ليبيا ضد جنوب السودان — بطولة الأفرو باسكت\n- 18:30 | الريان ضد السيلية — دوري نجوم قطر\n- 19:30 | مصر -19 ضد إسبانيا - 19 — كرة اليد\n- 19:30 | مصر ضد السنغال — بطولة الأفرو باسكت\n- 20:30 | الشمال ضد الأهلي القطري — دوري نجوم قطر\n- 21:00 | بيراميدز ضد الإسماعيلي — الدوري المصري\n- 21:00 | طلائع الجيش ضد المصري — الدوري المصري\n- 21:00 | غينيا ضد أنجولا — بطولة الأفرو باسكت', 'action': None}
2025-08-14 17:41:47,063 INFO {'session_id': 'be3e1cbb-5915-466c-bc9e-2801d107111e', 'user': 'بكرة', 'intent': 'general.query', 'details': {}}
2025-08-14 17:41:47,063 INFO {'session_id': 'be3e1cbb-5915-466c-bc9e-2801d107111e', 'bot': 'مباريات يوم 2025-08-15 (24 مباراة):\n- 16:30 | نيجيريا ضد تونس — بطولة الأفرو باسكت\n- 17:30 | اي في اس فوتبول ضد كازا بيا — primeira liga\n- 18:00 | الأولمبي الباجي ضد مستقبل قابس — tunisian league\n- 18:00 | البنزرتي ضد الصفاقسي — tunisian league\n- 18:00 | الترجى الرياضي ضد الإتحاد المنستيري — tunisian league\n- 18:00 | الترجي الجرجيسي ضد شبيبة العمران — tunisian league\n- 18:00 | الملعب التونسي ضد شبيبة القيروان — tunisian league\n- 18:00 | النجم الساحلى ضد الافريقي التونسي — tunisian league\n- 18:00 | بتروجيت ضد كهرباء الإسماعيلية — الدوري المصري\n- 18:00 | رواندا ضد الكونغو الديمقراطية — بطولة الأفرو باسكت\n- 18:00 | سليمان الرياضي ضد النجم الرياضي بالمتلوي — tunisian league\n- 18:00 | مستقبل المرسى ضد إتحاد بن قردان — tunisian league\n- 18:00 | مصر - شباب ضد المغرب - الشباب — friendly matches nations\n- 18:30 | العربي ضد الوكرة — دوري نجوم قطر\n- 19:30 | الكاميرون ضد مدغشقر — بطولة الأفرو باسكت\n- 20:00 | جيرونا ضد رايو فاييكانو — la liga\n- 20:30 | الغرافة ضد ام صلال — دوري نجوم قطر\n- 21:00 | الأهلي ضد فاركو — الدوري المصري\n- 21:00 | حرس الحدود ضد البنك الاهلي — الدوري المصري\n- 21:00 | كاب فيردي ضد كوت ديفوار — بطولة الأفرو باسكت\n- 21:30 | جالاتا سراي ضد فاتح كاراجومروك — turkish super lig\n- 21:45 | رين ضد مارسيليا — ligue1\n- 22:00 | ليفربول ضد بورنموث — epl\n- 22:30 | فياريال ضد ريال أوفييدو — la liga', 'action': None}
2025-08-14 17:41:56,913 INFO {'session_id': 'be3e1cbb-5915-466c-bc9e-2801d107111e', 'user': 'HP[.', 'intent': 'general.query', 'details': {}}
2025-08-14 17:41:56,913 INFO {'session_id': 'be3e1cbb-5915-466c-bc9e-2801d107111e', 'bot': 'من فضلك حدّد التاريخ (مثال: اليوم، بكرة، أو 2025-12-26).', 'action': None}
2025-08-14 17:42:07,992 INFO {'session_id': 'be3e1cbb-5915-466c-bc9e-2801d107111e', 'user': 'احجز', 'intent': 'booking.ask', 'details': {}}
2025-08-14 17:42:07,993 INFO {'session_id': 'be3e1cbb-5915-466c-bc9e-2801d107111e', 'bot': 'ما هو اليوم والوقت الذي تريد الحجز فيه؟ (مثال: الأربعاء الساعة ٨ مساءً)', 'action': None}
2025-08-14 17:44:06,179 INFO {'session_id': 'be3e1cbb-5915-466c-bc9e-2801d107111e', 'user': 'الأربعاء الساعة ٨ مساء)', 'intent': 'general.query', 'details': {}}
2025-08-14 17:44:06,180 INFO {'session_id': 'be3e1cbb-5915-466c-bc9e-2801d107111e', 'bot': 'تم الحجز ✅\nمعرف التذكرة: 10080d5f', 'action': 'booked'}
2025-08-14 18:18:40,629 INFO Loaded matches dataset with 514 dates.
2025-08-14 18:18:40,636 INFO Index empty. Indexing chunks from C:\Users\user\Desktop\LinkDev_Intern\chatbot_working-main\chatbot_working-main\data\yallakora_articles_chunked.jsonl ...
2025-08-14 18:18:43,612 INFO {'index_result': {'ok': True, 'indexed_chunks': 67}}
2025-08-14 18:20:06,217 INFO {'session_id': 'be3e1cbb-5915-466c-bc9e-2801d107111e', 'user': 'ما مباريات اليوم', 'intent': 'fixtures.today', 'details': {}}
2025-08-14 18:20:06,217 INFO {'session_id': 'be3e1cbb-5915-466c-bc9e-2801d107111e', 'bot': 'مباريات يوم 2025-08-14 (11 مباراة):\n- 16:30 | أوغندا ضد مالي — بطولة الأفرو باسكت\n- 18:00 | الاتحاد السكندري ضد مودرن سبورت — الدوري المصري\n- 18:00 | زد ضد سيراميكا كليوباترا — الدوري المصري\n- 18:00 | ليبيا ضد جنوب السودان — بطولة الأفرو باسكت\n- 18:30 | الريان ضد السيلية — دوري نجوم قطر\n- 19:30 | مصر -19 ضد إسبانيا - 19 — كرة اليد\n- 19:30 | مصر ضد السنغال — بطولة الأفرو باسكت\n- 20:30 | الشمال ضد الأهلي القطري — دوري نجوم قطر\n- 21:00 | بيراميدز ضد الإسماعيلي — الدوري المصري\n- 21:00 | طلائع الجيش ضد المصري — الدوري المصري\n- 21:00 | غينيا ضد أنجولا — بطولة الأفرو باسكت', 'action': None}
2025-08-14 18:20:20,480 INFO {'session_id': 'be3e1cbb-5915-466c-bc9e-2801d107111e', 'user': 'احجز', 'intent': 'booking.ask', 'details': {}}
2025-08-14 18:20:20,480 INFO {'session_id': 'be3e1cbb-5915-466c-bc9e-2801d107111e', 'bot': 'ما هو اليوم والوقت الذي تريد الحجز فيه؟ (مثال: الأربعاء الساعة ٨ مساءً)', 'action': None}
2025-08-14 18:20:31,378 INFO {'session_id': 'be3e1cbb-5915-466c-bc9e-2801d107111e', 'user': 'الأربعاء الساعة ٨ مساءً', 'intent': 'general.query', 'details': {}}
2025-08-14 18:20:31,381 INFO {'session_id': 'be3e1cbb-5915-466c-bc9e-2801d107111e', 'bot': 'تم الحجز ✅\nمعرف التذكرة: e2cad4d6', 'action': 'booked'}
2025-08-14 18:23:31,380 INFO {'session_id': 'be3e1cbb-5915-466c-bc9e-2801d107111e', 'user': 'الغي e2cad4d6', 'intent': 'cancel.fill', 'details': {'ticket_id': 'e2cad4d6'}}
2025-08-14 18:23:31,381 INFO {'session_id': 'be3e1cbb-5915-466c-bc9e-2801d107111e', 'bot': 'تم إلغاء التذكرة ✅ (ID: e2cad4d6)', 'action': 'cancelled'}
